2020-12-21 00:21:44.079  INFO 2931 --- [Thread-5] j.LocalContainerEntityManagerFactoryBean : Closing JPA EntityManagerFactory for persistence unit 'default'
2020-12-21 00:21:44.102  INFO 2931 --- [Thread-5] o.s.s.concurrent.ThreadPoolTaskExecutor  : Shutting down ExecutorService 'applicationTaskExecutor'
2020-12-21 00:21:44.107  INFO 2931 --- [Thread-5] com.zaxxer.hikari.HikariDataSource       : HikariPool-1 - Shutdown initiated...
2020-12-21 00:21:44.121  INFO 2931 --- [Thread-5] com.zaxxer.hikari.HikariDataSource       : HikariPool-1 - Shutdown completed.
2020-12-21 00:21:44.460  INFO 2931 --- [restartedMain] c.thduc.instafake.InstafakeApplication   : Starting InstafakeApplication using Java 15.0.1 on thducs-MacBook-Pro.local with PID 2931 (/Users/thduc/Desktop/HCI/instafake/target/classes started by thduc in /Users/thduc/Desktop/HCI/instafake)
2020-12-21 00:21:44.460  INFO 2931 --- [restartedMain] c.thduc.instafake.InstafakeApplication   : The following profiles are active: local
2020-12-21 00:21:44.980  INFO 2931 --- [restartedMain] .s.d.r.c.RepositoryConfigurationDelegate : Bootstrapping Spring Data JPA repositories in DEFERRED mode.
2020-12-21 00:21:45.377  INFO 2931 --- [restartedMain] .s.d.r.c.RepositoryConfigurationDelegate : Finished Spring Data repository scanning in 375 ms. Found 12 JPA repository interfaces.
2020-12-21 00:21:45.639  INFO 2931 --- [restartedMain] trationDelegate$BeanPostProcessorChecker : Bean 'org.springframework.security.access.expression.method.DefaultMethodSecurityExpressionHandler@3e80192b' of type [org.springframework.security.access.expression.method.DefaultMethodSecurityExpressionHandler] is not eligible for getting processed by all BeanPostProcessors (for example: not eligible for auto-proxying)
2020-12-21 00:21:45.640  INFO 2931 --- [restartedMain] trationDelegate$BeanPostProcessorChecker : Bean 'methodSecurityMetadataSource' of type [org.springframework.security.access.method.DelegatingMethodSecurityMetadataSource] is not eligible for getting processed by all BeanPostProcessors (for example: not eligible for auto-proxying)
2020-12-21 00:21:45.961  INFO 2931 --- [restartedMain] o.s.b.w.embedded.tomcat.TomcatWebServer  : Tomcat initialized with port(s): 8080 (http)
2020-12-21 00:21:46.017  INFO 2931 --- [restartedMain] w.s.c.ServletWebServerApplicationContext : Root WebApplicationContext: initialization completed in 1554 ms
2020-12-21 00:21:46.144  WARN 2931 --- [restartedMain] JpaBaseConfiguration$JpaWebConfiguration : spring.jpa.open-in-view is enabled by default. Therefore, database queries may be performed during view rendering. Explicitly configure spring.jpa.open-in-view to disable this warning
2020-12-21 00:21:46.220  INFO 2931 --- [restartedMain] o.s.s.concurrent.ThreadPoolTaskExecutor  : Initializing ExecutorService 'applicationTaskExecutor'
2020-12-21 00:21:46.251  INFO 2931 --- [task-1] com.zaxxer.hikari.HikariDataSource       : HikariPool-2 - Starting...
2020-12-21 00:21:46.258  INFO 2931 --- [task-1] com.zaxxer.hikari.HikariDataSource       : HikariPool-2 - Start completed.
2020-12-21 00:21:47.008  INFO 2931 --- [task-1] j.LocalContainerEntityManagerFactoryBean : Initialized JPA EntityManagerFactory for persistence unit 'default'
2020-12-21 00:21:47.057  INFO 2931 --- [restartedMain] o.s.s.web.DefaultSecurityFilterChain     : Will secure any request with [org.springframework.security.web.context.request.async.WebAsyncManagerIntegrationFilter@7073968a, org.springframework.security.web.context.SecurityContextPersistenceFilter@7dc22906, org.springframework.security.web.header.HeaderWriterFilter@7d52baed, org.springframework.web.filter.CorsFilter@4fd5bb17, org.springframework.security.web.authentication.logout.LogoutFilter@2de160bb, com.thduc.instafake.filter.JwtAuthenticationTokenFilter@79800344, org.springframework.security.web.savedrequest.RequestCacheAwareFilter@7e6567cc, org.springframework.security.web.servletapi.SecurityContextHolderAwareRequestFilter@691dfd3d, org.springframework.security.web.authentication.AnonymousAuthenticationFilter@482c2a8d, org.springframework.security.web.session.SessionManagementFilter@713b3133, org.springframework.security.web.access.ExceptionTranslationFilter@fa6dfbe, org.springframework.security.web.access.intercept.FilterSecurityInterceptor@a04aa1c]
2020-12-21 00:21:47.112  INFO 2931 --- [task-2] o.s.b.d.a.OptionalLiveReloadServer       : LiveReload server is running on port 35729
2020-12-21 00:21:47.379  INFO 2931 --- [restartedMain] o.s.b.w.embedded.tomcat.TomcatWebServer  : Tomcat started on port(s): 8080 (http) with context path ''
2020-12-21 00:21:47.381  INFO 2931 --- [restartedMain] DeferredRepositoryInitializationListener : Triggering deferred initialization of Spring Data repositories…
2020-12-21 00:21:48.143  INFO 2931 --- [restartedMain] DeferredRepositoryInitializationListener : Spring Data repositories initialized!
2020-12-21 00:21:48.159  INFO 2931 --- [restartedMain] c.thduc.instafake.InstafakeApplication   : Started InstafakeApplication in 3.743 seconds (JVM running for 1476.977)
2020-12-21 00:21:48.188  INFO 2931 --- [restartedMain] .ConditionEvaluationDeltaLoggingListener : Condition evaluation unchanged
2020-12-21 00:21:48.221  INFO 2931 --- [SpringContextShutdownHook] j.LocalContainerEntityManagerFactoryBean : Closing JPA EntityManagerFactory for persistence unit 'default'
2020-12-21 00:21:48.222  INFO 2931 --- [SpringContextShutdownHook] o.s.s.concurrent.ThreadPoolTaskExecutor  : Shutting down ExecutorService 'applicationTaskExecutor'
2020-12-21 00:21:48.223  INFO 2931 --- [SpringContextShutdownHook] com.zaxxer.hikari.HikariDataSource       : HikariPool-2 - Shutdown initiated...
2020-12-21 00:21:48.225  INFO 2931 --- [SpringContextShutdownHook] com.zaxxer.hikari.HikariDataSource       : HikariPool-2 - Shutdown completed.
2020-12-21 00:22:04.643  INFO 3160 --- [restartedMain] c.thduc.instafake.InstafakeApplication   : Starting InstafakeApplication using Java 15.0.1 on thducs-MacBook-Pro.local with PID 3160 (/Users/thduc/Desktop/HCI/instafake/target/classes started by thduc in /Users/thduc/Desktop/HCI/instafake)
2020-12-21 00:22:04.679  INFO 3160 --- [restartedMain] c.thduc.instafake.InstafakeApplication   : The following profiles are active: local
2020-12-21 00:22:04.972  INFO 3160 --- [restartedMain] .e.DevToolsPropertyDefaultsPostProcessor : Devtools property defaults active! Set 'spring.devtools.add-properties' to 'false' to disable
2020-12-21 00:22:04.973  INFO 3160 --- [restartedMain] .e.DevToolsPropertyDefaultsPostProcessor : For additional web related logging consider setting the 'logging.level.web' property to 'DEBUG'
2020-12-21 00:22:07.675  INFO 3160 --- [restartedMain] .s.d.r.c.RepositoryConfigurationDelegate : Bootstrapping Spring Data JPA repositories in DEFERRED mode.
2020-12-21 00:22:08.038  INFO 3160 --- [restartedMain] .s.d.r.c.RepositoryConfigurationDelegate : Finished Spring Data repository scanning in 313 ms. Found 12 JPA repository interfaces.
2020-12-21 00:22:08.616  INFO 3160 --- [restartedMain] trationDelegate$BeanPostProcessorChecker : Bean 'org.springframework.security.access.expression.method.DefaultMethodSecurityExpressionHandler@f09feca' of type [org.springframework.security.access.expression.method.DefaultMethodSecurityExpressionHandler] is not eligible for getting processed by all BeanPostProcessors (for example: not eligible for auto-proxying)
2020-12-21 00:22:08.621  INFO 3160 --- [restartedMain] trationDelegate$BeanPostProcessorChecker : Bean 'methodSecurityMetadataSource' of type [org.springframework.security.access.method.DelegatingMethodSecurityMetadataSource] is not eligible for getting processed by all BeanPostProcessors (for example: not eligible for auto-proxying)
2020-12-21 00:22:09.598  INFO 3160 --- [restartedMain] o.s.b.w.embedded.tomcat.TomcatWebServer  : Tomcat initialized with port(s): 8080 (http)
2020-12-21 00:22:09.622  INFO 3160 --- [restartedMain] o.apache.catalina.core.StandardService   : Starting service [Tomcat]
2020-12-21 00:22:09.623  INFO 3160 --- [restartedMain] org.apache.catalina.core.StandardEngine  : Starting Servlet engine: [Apache Tomcat/9.0.39]
2020-12-21 00:22:09.824  INFO 3160 --- [restartedMain] o.a.c.c.C.[Tomcat].[localhost].[/]       : Initializing Spring embedded WebApplicationContext
2020-12-21 00:22:09.830  INFO 3160 --- [restartedMain] w.s.c.ServletWebServerApplicationContext : Root WebApplicationContext: initialization completed in 4856 ms
2020-12-21 00:22:10.093  WARN 3160 --- [restartedMain] JpaBaseConfiguration$JpaWebConfiguration : spring.jpa.open-in-view is enabled by default. Therefore, database queries may be performed during view rendering. Explicitly configure spring.jpa.open-in-view to disable this warning
2020-12-21 00:22:10.344  INFO 3160 --- [restartedMain] o.s.s.concurrent.ThreadPoolTaskExecutor  : Initializing ExecutorService 'applicationTaskExecutor'
2020-12-21 00:22:10.862  INFO 3160 --- [task-1] com.zaxxer.hikari.HikariDataSource       : HikariPool-1 - Starting...
2020-12-21 00:22:11.153  INFO 3160 --- [task-1] com.zaxxer.hikari.HikariDataSource       : HikariPool-1 - Start completed.
2020-12-21 00:22:11.563  INFO 3160 --- [restartedMain] o.s.s.web.DefaultSecurityFilterChain     : Will secure any request with [org.springframework.security.web.context.request.async.WebAsyncManagerIntegrationFilter@6a6ba7dd, org.springframework.security.web.context.SecurityContextPersistenceFilter@311e0cb6, org.springframework.security.web.header.HeaderWriterFilter@4674a09d, org.springframework.web.filter.CorsFilter@da1bf44, org.springframework.security.web.authentication.logout.LogoutFilter@6ffb90b, com.thduc.instafake.filter.JwtAuthenticationTokenFilter@1947247e, org.springframework.security.web.savedrequest.RequestCacheAwareFilter@6f87e9b0, org.springframework.security.web.servletapi.SecurityContextHolderAwareRequestFilter@4b38a18f, org.springframework.security.web.authentication.AnonymousAuthenticationFilter@659cb360, org.springframework.security.web.session.SessionManagementFilter@2ecf343a, org.springframework.security.web.access.ExceptionTranslationFilter@68c96ead, org.springframework.security.web.access.intercept.FilterSecurityInterceptor@1f0b46e7]
2020-12-21 00:22:12.075  INFO 3160 --- [restartedMain] o.s.b.d.a.OptionalLiveReloadServer       : LiveReload server is running on port 35729
2020-12-21 00:22:12.196  INFO 3160 --- [restartedMain] o.s.b.w.embedded.tomcat.TomcatWebServer  : Tomcat started on port(s): 8080 (http) with context path ''
2020-12-21 00:22:12.202  INFO 3160 --- [restartedMain] DeferredRepositoryInitializationListener : Triggering deferred initialization of Spring Data repositories…
2020-12-21 00:22:13.319  INFO 3160 --- [task-1] j.LocalContainerEntityManagerFactoryBean : Initialized JPA EntityManagerFactory for persistence unit 'default'
2020-12-21 00:22:14.646  INFO 3160 --- [restartedMain] DeferredRepositoryInitializationListener : Spring Data repositories initialized!
2020-12-21 00:22:14.673  INFO 3160 --- [restartedMain] c.thduc.instafake.InstafakeApplication   : Started InstafakeApplication in 11.879 seconds (JVM running for 14.795)
2020-12-21 00:25:06.600  INFO 3160 --- [http-nio-8080-exec-2] o.a.c.c.C.[Tomcat].[localhost].[/]       : Initializing Spring DispatcherServlet 'dispatcherServlet'
2020-12-21 00:25:06.600  INFO 3160 --- [http-nio-8080-exec-2] o.s.web.servlet.DispatcherServlet        : Initializing Servlet 'dispatcherServlet'
2020-12-21 00:25:06.602  INFO 3160 --- [http-nio-8080-exec-2] o.s.web.servlet.DispatcherServlet        : Completed initialization in 2 ms
2020-12-21 00:28:55.163  INFO 3160 --- [SpringContextShutdownHook] j.LocalContainerEntityManagerFactoryBean : Closing JPA EntityManagerFactory for persistence unit 'default'
2020-12-21 00:28:55.171  INFO 3160 --- [SpringContextShutdownHook] o.s.s.concurrent.ThreadPoolTaskExecutor  : Shutting down ExecutorService 'applicationTaskExecutor'
2020-12-21 00:28:55.172  INFO 3160 --- [SpringContextShutdownHook] com.zaxxer.hikari.HikariDataSource       : HikariPool-1 - Shutdown initiated...
2020-12-21 00:28:55.180  INFO 3160 --- [SpringContextShutdownHook] com.zaxxer.hikari.HikariDataSource       : HikariPool-1 - Shutdown completed.
2020-12-21 08:47:32.137  INFO 1759 --- [restartedMain] c.thduc.instafake.InstafakeApplication   : Starting InstafakeApplication using Java 15.0.1 on thducs-MacBook-Pro.local with PID 1759 (/Users/thduc/Desktop/HCI/instafake/target/classes started by thduc in /Users/thduc/Desktop/HCI/instafake)
2020-12-21 08:47:32.142  INFO 1759 --- [restartedMain] c.thduc.instafake.InstafakeApplication   : The following profiles are active: local
2020-12-21 08:47:32.371  INFO 1759 --- [restartedMain] .e.DevToolsPropertyDefaultsPostProcessor : Devtools property defaults active! Set 'spring.devtools.add-properties' to 'false' to disable
2020-12-21 08:47:32.373  INFO 1759 --- [restartedMain] .e.DevToolsPropertyDefaultsPostProcessor : For additional web related logging consider setting the 'logging.level.web' property to 'DEBUG'
2020-12-21 08:47:34.119  INFO 1759 --- [restartedMain] .s.d.r.c.RepositoryConfigurationDelegate : Bootstrapping Spring Data JPA repositories in DEFERRED mode.
2020-12-21 08:47:34.297  INFO 1759 --- [restartedMain] .s.d.r.c.RepositoryConfigurationDelegate : Finished Spring Data repository scanning in 163 ms. Found 12 JPA repository interfaces.
2020-12-21 08:47:34.710  INFO 1759 --- [restartedMain] trationDelegate$BeanPostProcessorChecker : Bean 'org.springframework.security.access.expression.method.DefaultMethodSecurityExpressionHandler@67bf5d7' of type [org.springframework.security.access.expression.method.DefaultMethodSecurityExpressionHandler] is not eligible for getting processed by all BeanPostProcessors (for example: not eligible for auto-proxying)
2020-12-21 08:47:34.716  INFO 1759 --- [restartedMain] trationDelegate$BeanPostProcessorChecker : Bean 'methodSecurityMetadataSource' of type [org.springframework.security.access.method.DelegatingMethodSecurityMetadataSource] is not eligible for getting processed by all BeanPostProcessors (for example: not eligible for auto-proxying)
2020-12-21 08:47:35.245  INFO 1759 --- [restartedMain] o.s.b.w.embedded.tomcat.TomcatWebServer  : Tomcat initialized with port(s): 8080 (http)
2020-12-21 08:47:35.259  INFO 1759 --- [restartedMain] o.apache.catalina.core.StandardService   : Starting service [Tomcat]
2020-12-21 08:47:35.260  INFO 1759 --- [restartedMain] org.apache.catalina.core.StandardEngine  : Starting Servlet engine: [Apache Tomcat/9.0.39]
2020-12-21 08:47:35.382  INFO 1759 --- [restartedMain] o.a.c.c.C.[Tomcat].[localhost].[/]       : Initializing Spring embedded WebApplicationContext
2020-12-21 08:47:35.383  INFO 1759 --- [restartedMain] w.s.c.ServletWebServerApplicationContext : Root WebApplicationContext: initialization completed in 3008 ms
2020-12-21 08:47:35.451  WARN 1759 --- [restartedMain] JpaBaseConfiguration$JpaWebConfiguration : spring.jpa.open-in-view is enabled by default. Therefore, database queries may be performed during view rendering. Explicitly configure spring.jpa.open-in-view to disable this warning
2020-12-21 08:47:35.563  INFO 1759 --- [restartedMain] o.s.s.concurrent.ThreadPoolTaskExecutor  : Initializing ExecutorService 'applicationTaskExecutor'
2020-12-21 08:47:36.040  INFO 1759 --- [task-1] com.zaxxer.hikari.HikariDataSource       : HikariPool-1 - Starting...
2020-12-21 08:47:36.275  INFO 1759 --- [task-1] com.zaxxer.hikari.HikariDataSource       : HikariPool-1 - Start completed.
2020-12-21 08:47:36.422  INFO 1759 --- [restartedMain] o.s.s.web.DefaultSecurityFilterChain     : Will secure any request with [org.springframework.security.web.context.request.async.WebAsyncManagerIntegrationFilter@4ab758d5, org.springframework.security.web.context.SecurityContextPersistenceFilter@83a297f, org.springframework.security.web.header.HeaderWriterFilter@456b74f4, org.springframework.web.filter.CorsFilter@7d87cd6, org.springframework.security.web.authentication.logout.LogoutFilter@4b48a8cb, com.thduc.instafake.filter.JwtAuthenticationTokenFilter@2c64cbdc, org.springframework.security.web.savedrequest.RequestCacheAwareFilter@1b9d8914, org.springframework.security.web.servletapi.SecurityContextHolderAwareRequestFilter@64afec4b, org.springframework.security.web.authentication.AnonymousAuthenticationFilter@7ca10cae, org.springframework.security.web.session.SessionManagementFilter@479ccf6b, org.springframework.security.web.access.ExceptionTranslationFilter@55097ec4, org.springframework.security.web.access.intercept.FilterSecurityInterceptor@6567d636]
2020-12-21 08:47:36.817  INFO 1759 --- [restartedMain] o.s.b.d.a.OptionalLiveReloadServer       : LiveReload server is running on port 35729
2020-12-21 08:47:36.885  INFO 1759 --- [restartedMain] o.s.b.w.embedded.tomcat.TomcatWebServer  : Tomcat started on port(s): 8080 (http) with context path ''
2020-12-21 08:47:36.889  INFO 1759 --- [restartedMain] DeferredRepositoryInitializationListener : Triggering deferred initialization of Spring Data repositories…
2020-12-21 08:47:37.767  INFO 1759 --- [task-1] j.LocalContainerEntityManagerFactoryBean : Initialized JPA EntityManagerFactory for persistence unit 'default'
2020-12-21 08:47:38.461  INFO 1759 --- [restartedMain] DeferredRepositoryInitializationListener : Spring Data repositories initialized!
2020-12-21 08:47:38.472  INFO 1759 --- [restartedMain] c.thduc.instafake.InstafakeApplication   : Started InstafakeApplication in 7.556 seconds (JVM running for 10.11)
2020-12-21 08:47:44.880  INFO 1759 --- [http-nio-8080-exec-1] o.a.c.c.C.[Tomcat].[localhost].[/]       : Initializing Spring DispatcherServlet 'dispatcherServlet'
2020-12-21 08:47:44.881  INFO 1759 --- [http-nio-8080-exec-1] o.s.web.servlet.DispatcherServlet        : Initializing Servlet 'dispatcherServlet'
2020-12-21 08:47:44.883  INFO 1759 --- [http-nio-8080-exec-1] o.s.web.servlet.DispatcherServlet        : Completed initialization in 2 ms
2020-12-21 08:49:33.817  INFO 1759 --- [SpringContextShutdownHook] j.LocalContainerEntityManagerFactoryBean : Closing JPA EntityManagerFactory for persistence unit 'default'
2020-12-21 08:49:33.821  INFO 1759 --- [SpringContextShutdownHook] o.s.s.concurrent.ThreadPoolTaskExecutor  : Shutting down ExecutorService 'applicationTaskExecutor'
2020-12-21 08:49:33.823  INFO 1759 --- [SpringContextShutdownHook] com.zaxxer.hikari.HikariDataSource       : HikariPool-1 - Shutdown initiated...
2020-12-21 08:49:33.829  INFO 1759 --- [SpringContextShutdownHook] com.zaxxer.hikari.HikariDataSource       : HikariPool-1 - Shutdown completed.
